09:47:43.484 logback [restartedMain] INFO  cn.nicecoder.NicecoderApplication - Starting NicecoderApplication on USER-20161109DY with PID 6708 (C:\Users\Administrator\IdeaProjects\demo3\out\production\classes started by Administrator in C:\Users\Administrator\IdeaProjects\demo3)
09:47:43.490 logback [restartedMain] INFO  cn.nicecoder.NicecoderApplication - The following profiles are active: dev
09:47:43.682 logback [restartedMain] INFO  o.s.b.w.s.c.AnnotationConfigServletWebServerApplicationContext - Refreshing org.springframework.boot.web.servlet.context.AnnotationConfigServletWebServerApplicationContext@1caca225: startup date [Tue Aug 14 09:47:43 CST 2018]; root of context hierarchy
09:47:46.437 logback [restartedMain] INFO  o.s.b.w.e.tomcat.TomcatWebServer - Tomcat initialized with port(s): 8443 (https) 8444 (http)
09:47:46.455 logback [restartedMain] INFO  o.a.coyote.http11.Http11NioProtocol - Initializing ProtocolHandler ["https-jsse-nio-8443"]
09:47:46.473 logback [restartedMain] INFO  o.a.coyote.http11.Http11NioProtocol - Initializing ProtocolHandler ["http-nio-8444"]
09:47:46.486 logback [restartedMain] INFO  o.a.tomcat.util.net.NioSelectorPool - Using a shared selector for servlet write/read
09:47:46.507 logback [restartedMain] INFO  o.a.catalina.core.StandardService - Starting service [Tomcat]
09:47:46.508 logback [restartedMain] INFO  o.a.catalina.core.StandardEngine - Starting Servlet Engine: Apache Tomcat/8.5.31
09:47:46.526 logback [localhost-startStop-1] INFO  o.a.c.core.AprLifecycleListener - The APR based Apache Tomcat Native library which allows optimal performance in production environments was not found on the java.library.path: [D:\Java\jdk1.8.0_131\bin;C:\Windows\Sun\Java\bin;C:\Windows\system32;C:\Windows;D:\Python27\Scripts;D:\Python27;D:\Perl\site\bin;D:\Perl\bin;C:\ProgramData\Oracle\Java\javapath;D:\apache-maven-3.1.1\bin;C:\Program Files\Java\jdk1.7.0_67\\bin;C:\Program Files\Java\jdk1.7.0_67\\jre\bin;C:\Windows\system32;C:\Windows;C:\Windows\System32\Wbem;C:\Windows\System32\WindowsPowerShell\v1.0\;C:\Program Files (x86)\NVIDIA Corporation\PhysX\Common;D:\TortoiseSVN\bin;C:\Program Files (x86)\Microsoft SQL Server\100\Tools\Binn\;C:\Program Files\Microsoft SQL Server\100\Tools\Binn\;C:\Program Files\Microsoft SQL Server\100\DTS\Binn\;C:\Program Files (x86)\NASM;D:\gradle-4.6\bin;;.]
09:47:46.668 logback [localhost-startStop-1] INFO  o.a.c.c.C.[Tomcat].[localhost].[/] - Initializing Spring embedded WebApplicationContext
09:47:46.668 logback [localhost-startStop-1] INFO  o.s.web.context.ContextLoader - Root WebApplicationContext: initialization completed in 2986 ms
09:47:47.000 logback [localhost-startStop-1] INFO  o.s.b.w.s.FilterRegistrationBean - Mapping filter: 'characterEncodingFilter' to: [/*]
09:47:47.001 logback [localhost-startStop-1] INFO  o.s.b.w.s.FilterRegistrationBean - Mapping filter: 'hiddenHttpMethodFilter' to: [/*]
09:47:47.001 logback [localhost-startStop-1] INFO  o.s.b.w.s.FilterRegistrationBean - Mapping filter: 'httpPutFormContentFilter' to: [/*]
09:47:47.001 logback [localhost-startStop-1] INFO  o.s.b.w.s.FilterRegistrationBean - Mapping filter: 'requestContextFilter' to: [/*]
09:47:47.002 logback [localhost-startStop-1] INFO  o.s.b.w.s.DelegatingFilterProxyRegistrationBean - Mapping filter: 'springSecurityFilterChain' to: [/*]
09:47:47.003 logback [localhost-startStop-1] INFO  o.s.b.w.s.ServletRegistrationBean - Servlet dispatcherServlet mapped to [/]
09:47:48.208 logback [restartedMain] INFO  o.s.s.web.DefaultSecurityFilterChain - Creating filter chain: org.springframework.security.web.util.matcher.AnyRequestMatcher@1, [org.springframework.security.web.context.request.async.WebAsyncManagerIntegrationFilter@12b10386, org.springframework.security.web.context.SecurityContextPersistenceFilter@4187d4a6, org.springframework.security.web.header.HeaderWriterFilter@451857b8, org.springframework.security.web.authentication.logout.LogoutFilter@77074665, org.springframework.security.web.authentication.UsernamePasswordAuthenticationFilter@30fddb21, org.springframework.security.web.savedrequest.RequestCacheAwareFilter@66ce84d1, org.springframework.security.web.servletapi.SecurityContextHolderAwareRequestFilter@6800211b, org.springframework.security.web.authentication.AnonymousAuthenticationFilter@7555fdd6, org.springframework.security.web.session.SessionManagementFilter@613ee39, org.springframework.security.web.access.ExceptionTranslationFilter@53962b35, org.springframework.security.web.access.intercept.FilterSecurityInterceptor@1ed98772]
09:47:48.323 logback [restartedMain] INFO  o.s.w.s.h.SimpleUrlHandlerMapping - Mapped URL path [/**/favicon.ico] onto handler of type [class org.springframework.web.servlet.resource.ResourceHttpRequestHandler]
09:47:48.557 logback [restartedMain] INFO  o.s.w.s.m.m.a.RequestMappingHandlerAdapter - Looking for @ControllerAdvice: org.springframework.boot.web.servlet.context.AnnotationConfigServletWebServerApplicationContext@1caca225: startup date [Tue Aug 14 09:47:43 CST 2018]; root of context hierarchy
09:47:48.630 logback [restartedMain] INFO  o.s.w.s.m.m.a.RequestMappingHandlerMapping - Mapped "{[/admin/index.html],methods=[GET]}" onto public java.lang.String cn.nicecoder.controller.AdminController.admin()
09:47:48.631 logback [restartedMain] INFO  o.s.w.s.m.m.a.RequestMappingHandlerMapping - Mapped "{[/admin/login.html],methods=[GET]}" onto public java.lang.String cn.nicecoder.controller.AdminController.login()
09:47:48.633 logback [restartedMain] INFO  o.s.w.s.m.m.a.RequestMappingHandlerMapping - Mapped "{[/admin/login-error.html],methods=[GET]}" onto public java.lang.String cn.nicecoder.controller.AdminController.loginError(org.springframework.ui.Model)
09:47:48.634 logback [restartedMain] INFO  o.s.w.s.m.m.a.RequestMappingHandlerMapping - Mapped "{[/admin/dailyPage.html],methods=[GET]}" onto public org.springframework.web.servlet.ModelAndView cn.nicecoder.controller.AdminController.dailyPage()
09:47:48.634 logback [restartedMain] INFO  o.s.w.s.m.m.a.RequestMappingHandlerMapping - Mapped "{[/admin/dailyManage.html],methods=[GET]}" onto public org.springframework.web.servlet.ModelAndView cn.nicecoder.controller.AdminController.dailyManage(java.lang.Integer,java.lang.Integer,java.lang.String,java.lang.String,java.lang.String,java.lang.String)
09:47:48.634 logback [restartedMain] INFO  o.s.w.s.m.m.a.RequestMappingHandlerMapping - Mapped "{[/admin/commentManage.html],methods=[GET]}" onto public java.lang.String cn.nicecoder.controller.AdminController.commentManage()
09:47:48.634 logback [restartedMain] INFO  o.s.w.s.m.m.a.RequestMappingHandlerMapping - Mapped "{[/admin/classifyManage.html],methods=[GET]}" onto public java.lang.String cn.nicecoder.controller.AdminController.classifyManage()
09:47:48.635 logback [restartedMain] INFO  o.s.w.s.m.m.a.RequestMappingHandlerMapping - Mapped "{[/admin/saveDaily.html],methods=[POST]}" onto public java.lang.String cn.nicecoder.controller.AdminController.insertDaily(java.lang.String,java.lang.String,java.lang.String,java.lang.String,java.lang.String,java.lang.String)
09:47:48.637 logback [restartedMain] INFO  o.s.w.s.m.m.a.RequestMappingHandlerMapping - Mapped "{[/index.html || /detail/index.html],methods=[GET]}" onto public org.springframework.web.servlet.ModelAndView cn.nicecoder.controller.CoreController.index(java.lang.Integer,java.lang.Integer,java.lang.String,java.lang.String,java.lang.String,java.lang.String)
09:47:48.637 logback [restartedMain] INFO  o.s.w.s.m.m.a.RequestMappingHandlerMapping - Mapped "{[/]}" onto public java.lang.String cn.nicecoder.controller.CoreController.root()
09:47:48.637 logback [restartedMain] INFO  o.s.w.s.m.m.a.RequestMappingHandlerMapping - Mapped "{[/detail/art_{id}.html],methods=[GET]}" onto public org.springframework.web.servlet.ModelAndView cn.nicecoder.controller.CoreController.info(java.lang.Integer)
09:47:48.637 logback [restartedMain] INFO  o.s.w.s.m.m.a.RequestMappingHandlerMapping - Mapped "{[/about.html || /detail/about.html],methods=[GET]}" onto public org.springframework.web.servlet.ModelAndView cn.nicecoder.controller.CoreController.about()
09:47:48.641 logback [restartedMain] INFO  o.s.w.s.m.m.a.RequestMappingHandlerMapping - Mapped "{[/error]}" onto public org.springframework.http.ResponseEntity<java.util.Map<java.lang.String, java.lang.Object>> org.springframework.boot.autoconfigure.web.servlet.error.BasicErrorController.error(javax.servlet.http.HttpServletRequest)
09:47:48.642 logback [restartedMain] INFO  o.s.w.s.m.m.a.RequestMappingHandlerMapping - Mapped "{[/error],produces=[text/html]}" onto public org.springframework.web.servlet.ModelAndView org.springframework.boot.autoconfigure.web.servlet.error.BasicErrorController.errorHtml(javax.servlet.http.HttpServletRequest,javax.servlet.http.HttpServletResponse)
09:47:48.682 logback [restartedMain] INFO  o.s.w.s.h.SimpleUrlHandlerMapping - Mapped URL path [/webjars/**] onto handler of type [class org.springframework.web.servlet.resource.ResourceHttpRequestHandler]
09:47:48.682 logback [restartedMain] INFO  o.s.w.s.h.SimpleUrlHandlerMapping - Mapped URL path [/**] onto handler of type [class org.springframework.web.servlet.resource.ResourceHttpRequestHandler]
09:47:48.764 logback [restartedMain] WARN  o.t.templatemode.TemplateMode - [THYMELEAF][restartedMain] Template Mode 'HTML5' is deprecated. Using Template Mode 'HTML' instead.
09:47:48.879 logback [restartedMain] INFO  o.s.b.a.w.s.WelcomePageHandlerMapping - Adding welcome page template: index
09:47:49.320 logback [restartedMain] INFO  o.s.b.d.a.OptionalLiveReloadServer - LiveReload server is running on port 35729
09:47:49.364 logback [restartedMain] INFO  o.s.j.e.a.AnnotationMBeanExporter - Registering beans for JMX exposure on startup
09:47:49.366 logback [restartedMain] INFO  o.s.j.e.a.AnnotationMBeanExporter - Bean with name 'dataSource' has been autodetected for JMX exposure
09:47:49.374 logback [restartedMain] INFO  o.s.j.e.a.AnnotationMBeanExporter - Located MBean 'dataSource': registering with JMX server as MBean [com.zaxxer.hikari:name=dataSource,type=HikariDataSource]
09:47:49.400 logback [restartedMain] INFO  o.a.coyote.http11.Http11NioProtocol - Starting ProtocolHandler ["https-jsse-nio-8443"]
09:47:50.367 logback [restartedMain] INFO  o.a.tomcat.util.net.NioSelectorPool - Using a shared selector for servlet write/read
09:47:50.382 logback [restartedMain] INFO  o.a.coyote.http11.Http11NioProtocol - Starting ProtocolHandler ["http-nio-8444"]
09:47:50.399 logback [restartedMain] INFO  o.s.b.w.e.tomcat.TomcatWebServer - Tomcat started on port(s): 8443 (https) 8444 (http) with context path ''
09:47:50.405 logback [restartedMain] INFO  cn.nicecoder.NicecoderApplication - Started NicecoderApplication in 8.37 seconds (JVM running for 11.839)
10:36:05.555 logback [https-jsse-nio-8443-exec-5] INFO  o.a.c.c.C.[Tomcat].[localhost].[/] - Initializing Spring FrameworkServlet 'dispatcherServlet'
10:36:05.555 logback [https-jsse-nio-8443-exec-5] INFO  o.s.web.servlet.DispatcherServlet - FrameworkServlet 'dispatcherServlet': initialization started
10:36:05.583 logback [https-jsse-nio-8443-exec-5] INFO  o.s.web.servlet.DispatcherServlet - FrameworkServlet 'dispatcherServlet': initialization completed in 28 ms
10:36:05.793 logback [https-jsse-nio-8443-exec-1] INFO  com.zaxxer.hikari.HikariDataSource - HikariPool-1 - Starting...
10:36:06.635 logback [https-jsse-nio-8443-exec-1] INFO  com.zaxxer.hikari.HikariDataSource - HikariPool-1 - Start completed.
10:36:06.641 logback [https-jsse-nio-8443-exec-1] DEBUG c.n.m.T.findAllByCondition - ==>  Preparing: select id, cover, title, type, settop, summary, click, wordcount, agree, display, createtime, updatetime , content from tbl_daily where 1=1 LIMIT ?,? 
10:36:06.658 logback [https-jsse-nio-8443-exec-1] DEBUG c.n.m.T.findAllByCondition - ==> Parameters: 0(Integer), 20(Integer)
10:36:06.775 logback [https-jsse-nio-8443-exec-1] DEBUG c.n.m.T.findAllByCondition - <==      Total: 0
10:36:06.778 logback [https-jsse-nio-8443-exec-1] DEBUG c.n.mapper.TblTypeMapper.findAll - ==>  Preparing: select id, typename, count, creattime from tbl_type 
10:36:06.778 logback [https-jsse-nio-8443-exec-1] DEBUG c.n.mapper.TblTypeMapper.findAll - ==> Parameters: 
10:36:06.847 logback [https-jsse-nio-8443-exec-1] DEBUG c.n.mapper.TblTypeMapper.findAll - <==      Total: 1
10:36:06.848 logback [https-jsse-nio-8443-exec-1] DEBUG c.n.m.TblDailyMapper.selectHotEight - ==>  Preparing: select id, cover, title, type, settop, summary, click, wordcount, agree, display, createtime, updatetime , content from tbl_daily order by createtime desc limit 8 
10:36:06.848 logback [https-jsse-nio-8443-exec-1] DEBUG c.n.m.TblDailyMapper.selectHotEight - ==> Parameters: 
10:36:06.933 logback [https-jsse-nio-8443-exec-1] DEBUG c.n.m.TblDailyMapper.selectHotEight - <==      Total: 0
10:36:06.933 logback [https-jsse-nio-8443-exec-1] DEBUG c.n.m.TblTypeMapper.selectFirstFive - ==>  Preparing: select id, typename, count, creattime from tbl_type order by creattime limit 5 
10:36:06.934 logback [https-jsse-nio-8443-exec-1] DEBUG c.n.m.TblTypeMapper.selectFirstFive - ==> Parameters: 
10:36:07.038 logback [https-jsse-nio-8443-exec-1] DEBUG c.n.m.TblTypeMapper.selectFirstFive - <==      Total: 1
16:36:00.881 logback [restartedMain] INFO  cn.nicecoder.NicecoderApplication - Starting NicecoderApplication on USER-20161109DY with PID 9600 (C:\Users\Administrator\IdeaProjects\demo3\out\production\classes started by Administrator in C:\Users\Administrator\IdeaProjects\demo3)
16:36:00.882 logback [restartedMain] INFO  cn.nicecoder.NicecoderApplication - The following profiles are active: dev
16:36:00.971 logback [restartedMain] INFO  o.s.b.w.s.c.AnnotationConfigServletWebServerApplicationContext - Refreshing org.springframework.boot.web.servlet.context.AnnotationConfigServletWebServerApplicationContext@78dc8d42: startup date [Tue Aug 14 16:36:00 CST 2018]; root of context hierarchy
16:36:03.034 logback [restartedMain] INFO  o.s.b.w.e.tomcat.TomcatWebServer - Tomcat initialized with port(s): 8443 (https) 8444 (http)
16:36:03.051 logback [restartedMain] INFO  o.a.coyote.http11.Http11NioProtocol - Initializing ProtocolHandler ["https-jsse-nio-8443"]
16:36:03.066 logback [restartedMain] INFO  o.a.coyote.http11.Http11NioProtocol - Initializing ProtocolHandler ["http-nio-8444"]
16:36:03.078 logback [restartedMain] INFO  o.a.tomcat.util.net.NioSelectorPool - Using a shared selector for servlet write/read
16:36:03.081 logback [restartedMain] INFO  o.a.catalina.core.StandardService - Starting service [Tomcat]
16:36:03.081 logback [restartedMain] INFO  o.a.catalina.core.StandardEngine - Starting Servlet Engine: Apache Tomcat/8.5.31
16:36:03.086 logback [localhost-startStop-1] INFO  o.a.c.core.AprLifecycleListener - The APR based Apache Tomcat Native library which allows optimal performance in production environments was not found on the java.library.path: [D:\Java\jdk1.8.0_131\bin;C:\Windows\Sun\Java\bin;C:\Windows\system32;C:\Windows;D:\Python27\Scripts;D:\Python27;D:\Perl\site\bin;D:\Perl\bin;C:\ProgramData\Oracle\Java\javapath;D:\apache-maven-3.1.1\bin;C:\Program Files\Java\jdk1.7.0_67\\bin;C:\Program Files\Java\jdk1.7.0_67\\jre\bin;C:\Windows\system32;C:\Windows;C:\Windows\System32\Wbem;C:\Windows\System32\WindowsPowerShell\v1.0\;C:\Program Files (x86)\NVIDIA Corporation\PhysX\Common;D:\TortoiseSVN\bin;C:\Program Files (x86)\Microsoft SQL Server\100\Tools\Binn\;C:\Program Files\Microsoft SQL Server\100\Tools\Binn\;C:\Program Files\Microsoft SQL Server\100\DTS\Binn\;C:\Program Files (x86)\NASM;D:\gradle-4.6\bin;;.]
16:36:03.223 logback [localhost-startStop-1] INFO  o.a.c.c.C.[Tomcat].[localhost].[/] - Initializing Spring embedded WebApplicationContext
16:36:03.223 logback [localhost-startStop-1] INFO  o.s.web.context.ContextLoader - Root WebApplicationContext: initialization completed in 2252 ms
16:36:03.439 logback [localhost-startStop-1] INFO  o.s.b.w.s.FilterRegistrationBean - Mapping filter: 'characterEncodingFilter' to: [/*]
16:36:03.439 logback [localhost-startStop-1] INFO  o.s.b.w.s.FilterRegistrationBean - Mapping filter: 'hiddenHttpMethodFilter' to: [/*]
16:36:03.439 logback [localhost-startStop-1] INFO  o.s.b.w.s.FilterRegistrationBean - Mapping filter: 'httpPutFormContentFilter' to: [/*]
16:36:03.440 logback [localhost-startStop-1] INFO  o.s.b.w.s.FilterRegistrationBean - Mapping filter: 'requestContextFilter' to: [/*]
16:36:03.440 logback [localhost-startStop-1] INFO  o.s.b.w.s.DelegatingFilterProxyRegistrationBean - Mapping filter: 'springSecurityFilterChain' to: [/*]
16:36:03.441 logback [localhost-startStop-1] INFO  o.s.b.w.s.ServletRegistrationBean - Servlet dispatcherServlet mapped to [/]
16:36:04.341 logback [restartedMain] INFO  o.s.s.web.DefaultSecurityFilterChain - Creating filter chain: org.springframework.security.web.util.matcher.AnyRequestMatcher@1, [org.springframework.security.web.context.request.async.WebAsyncManagerIntegrationFilter@9ab253f, org.springframework.security.web.context.SecurityContextPersistenceFilter@7de5dd72, org.springframework.security.web.header.HeaderWriterFilter@62fbe8b7, org.springframework.security.web.authentication.logout.LogoutFilter@578e6bb1, org.springframework.security.web.authentication.UsernamePasswordAuthenticationFilter@68c9c1b, org.springframework.security.web.savedrequest.RequestCacheAwareFilter@5736006f, org.springframework.security.web.servletapi.SecurityContextHolderAwareRequestFilter@46b40de6, org.springframework.security.web.authentication.AnonymousAuthenticationFilter@75e055ba, org.springframework.security.web.session.SessionManagementFilter@fbf9210, org.springframework.security.web.access.ExceptionTranslationFilter@55c3adf6, org.springframework.security.web.access.intercept.FilterSecurityInterceptor@3aa04056]
16:36:04.457 logback [restartedMain] INFO  o.s.w.s.h.SimpleUrlHandlerMapping - Mapped URL path [/**/favicon.ico] onto handler of type [class org.springframework.web.servlet.resource.ResourceHttpRequestHandler]
16:36:04.679 logback [restartedMain] INFO  o.s.w.s.m.m.a.RequestMappingHandlerAdapter - Looking for @ControllerAdvice: org.springframework.boot.web.servlet.context.AnnotationConfigServletWebServerApplicationContext@78dc8d42: startup date [Tue Aug 14 16:36:00 CST 2018]; root of context hierarchy
16:36:04.741 logback [restartedMain] INFO  o.s.w.s.m.m.a.RequestMappingHandlerMapping - Mapped "{[/wechat]}" onto public java.lang.String cn.nicecoder.controller.ApiController.root()
16:36:04.747 logback [restartedMain] INFO  o.s.w.s.m.m.a.RequestMappingHandlerMapping - Mapped "{[/index.html || /detail/index.html],methods=[GET]}" onto public org.springframework.web.servlet.ModelAndView cn.nicecoder.controller.CoreController.index(java.lang.Integer,java.lang.Integer,java.lang.String,java.lang.String,java.lang.String,java.lang.String)
16:36:04.747 logback [restartedMain] INFO  o.s.w.s.m.m.a.RequestMappingHandlerMapping - Mapped "{[/]}" onto public java.lang.String cn.nicecoder.controller.CoreController.root()
16:36:04.748 logback [restartedMain] INFO  o.s.w.s.m.m.a.RequestMappingHandlerMapping - Mapped "{[/detail/art_{id}.html],methods=[GET]}" onto public org.springframework.web.servlet.ModelAndView cn.nicecoder.controller.CoreController.info(java.lang.Integer)
16:36:04.748 logback [restartedMain] INFO  o.s.w.s.m.m.a.RequestMappingHandlerMapping - Mapped "{[/about.html || /detail/about.html],methods=[GET]}" onto public org.springframework.web.servlet.ModelAndView cn.nicecoder.controller.CoreController.about()
16:36:04.753 logback [restartedMain] INFO  o.s.w.s.m.m.a.RequestMappingHandlerMapping - Mapped "{[/admin/login.html],methods=[GET]}" onto public java.lang.String cn.nicecoder.controller.ManagerController.login()
16:36:04.753 logback [restartedMain] INFO  o.s.w.s.m.m.a.RequestMappingHandlerMapping - Mapped "{[/admin/login-error.html],methods=[GET]}" onto public java.lang.String cn.nicecoder.controller.ManagerController.loginError(org.springframework.ui.Model)
16:36:04.753 logback [restartedMain] INFO  o.s.w.s.m.m.a.RequestMappingHandlerMapping - Mapped "{[/admin/dailyManage.html],methods=[GET]}" onto public org.springframework.web.servlet.ModelAndView cn.nicecoder.controller.ManagerController.dailyManage(java.lang.Integer,java.lang.Integer,java.lang.String,java.lang.String,java.lang.String,java.lang.String)
16:36:04.754 logback [restartedMain] INFO  o.s.w.s.m.m.a.RequestMappingHandlerMapping - Mapped "{[/admin/dailyPage.html],methods=[GET]}" onto public org.springframework.web.servlet.ModelAndView cn.nicecoder.controller.ManagerController.dailyPage()
16:36:04.754 logback [restartedMain] INFO  o.s.w.s.m.m.a.RequestMappingHandlerMapping - Mapped "{[/admin/commentManage.html],methods=[GET]}" onto public java.lang.String cn.nicecoder.controller.ManagerController.commentManage()
16:36:04.755 logback [restartedMain] INFO  o.s.w.s.m.m.a.RequestMappingHandlerMapping - Mapped "{[/admin/saveDaily.html],methods=[POST]}" onto public java.lang.String cn.nicecoder.controller.ManagerController.insertDaily(java.lang.String,java.lang.String,java.lang.String,java.lang.String,java.lang.String,java.lang.String)
16:36:04.755 logback [restartedMain] INFO  o.s.w.s.m.m.a.RequestMappingHandlerMapping - Mapped "{[/admin/index.html],methods=[GET]}" onto public java.lang.String cn.nicecoder.controller.ManagerController.admin()
16:36:04.755 logback [restartedMain] INFO  o.s.w.s.m.m.a.RequestMappingHandlerMapping - Mapped "{[/admin/classifyManage.html],methods=[GET]}" onto public java.lang.String cn.nicecoder.controller.ManagerController.classifyManage()
16:36:04.759 logback [restartedMain] INFO  o.s.w.s.m.m.a.RequestMappingHandlerMapping - Mapped "{[/error]}" onto public org.springframework.http.ResponseEntity<java.util.Map<java.lang.String, java.lang.Object>> org.springframework.boot.autoconfigure.web.servlet.error.BasicErrorController.error(javax.servlet.http.HttpServletRequest)
16:36:04.760 logback [restartedMain] INFO  o.s.w.s.m.m.a.RequestMappingHandlerMapping - Mapped "{[/error],produces=[text/html]}" onto public org.springframework.web.servlet.ModelAndView org.springframework.boot.autoconfigure.web.servlet.error.BasicErrorController.errorHtml(javax.servlet.http.HttpServletRequest,javax.servlet.http.HttpServletResponse)
16:36:04.797 logback [restartedMain] INFO  o.s.w.s.h.SimpleUrlHandlerMapping - Mapped URL path [/webjars/**] onto handler of type [class org.springframework.web.servlet.resource.ResourceHttpRequestHandler]
16:36:04.797 logback [restartedMain] INFO  o.s.w.s.h.SimpleUrlHandlerMapping - Mapped URL path [/**] onto handler of type [class org.springframework.web.servlet.resource.ResourceHttpRequestHandler]
16:36:04.870 logback [restartedMain] WARN  o.t.templatemode.TemplateMode - [THYMELEAF][restartedMain] Template Mode 'HTML5' is deprecated. Using Template Mode 'HTML' instead.
16:36:04.959 logback [restartedMain] INFO  o.s.b.a.w.s.WelcomePageHandlerMapping - Adding welcome page template: index
16:36:05.416 logback [restartedMain] INFO  o.s.b.d.a.OptionalLiveReloadServer - LiveReload server is running on port 35729
16:36:05.459 logback [restartedMain] INFO  o.s.j.e.a.AnnotationMBeanExporter - Registering beans for JMX exposure on startup
16:36:05.461 logback [restartedMain] INFO  o.s.j.e.a.AnnotationMBeanExporter - Bean with name 'dataSource' has been autodetected for JMX exposure
16:36:05.468 logback [restartedMain] INFO  o.s.j.e.a.AnnotationMBeanExporter - Located MBean 'dataSource': registering with JMX server as MBean [com.zaxxer.hikari:name=dataSource,type=HikariDataSource]
16:36:05.483 logback [restartedMain] INFO  o.a.coyote.http11.Http11NioProtocol - Starting ProtocolHandler ["https-jsse-nio-8443"]
16:36:06.274 logback [restartedMain] INFO  o.a.tomcat.util.net.NioSelectorPool - Using a shared selector for servlet write/read
16:36:06.286 logback [restartedMain] INFO  o.a.coyote.http11.Http11NioProtocol - Starting ProtocolHandler ["http-nio-8444"]
16:36:06.298 logback [restartedMain] INFO  o.s.b.w.e.tomcat.TomcatWebServer - Tomcat started on port(s): 8443 (https) 8444 (http) with context path ''
16:36:06.305 logback [restartedMain] INFO  cn.nicecoder.NicecoderApplication - Started NicecoderApplication in 6.91 seconds (JVM running for 8.831)
16:36:50.693 logback [https-jsse-nio-8443-exec-6] INFO  o.a.c.c.C.[Tomcat].[localhost].[/] - Initializing Spring FrameworkServlet 'dispatcherServlet'
16:36:50.693 logback [https-jsse-nio-8443-exec-6] INFO  o.s.web.servlet.DispatcherServlet - FrameworkServlet 'dispatcherServlet': initialization started
16:36:50.717 logback [https-jsse-nio-8443-exec-6] INFO  o.s.web.servlet.DispatcherServlet - FrameworkServlet 'dispatcherServlet': initialization completed in 23 ms
16:36:50.826 logback [https-jsse-nio-8443-exec-8] INFO  com.zaxxer.hikari.HikariDataSource - HikariPool-1 - Starting...
16:36:51.621 logback [https-jsse-nio-8443-exec-8] INFO  com.zaxxer.hikari.HikariDataSource - HikariPool-1 - Start completed.
16:36:51.628 logback [https-jsse-nio-8443-exec-8] DEBUG c.n.m.T.findAllByCondition - ==>  Preparing: select id, cover, title, type, settop, summary, click, wordcount, agree, display, createtime, updatetime , content from tbl_daily where 1=1 LIMIT ?,? 
16:36:51.646 logback [https-jsse-nio-8443-exec-8] DEBUG c.n.m.T.findAllByCondition - ==> Parameters: 0(Integer), 20(Integer)
16:36:51.716 logback [https-jsse-nio-8443-exec-8] DEBUG c.n.m.T.findAllByCondition - <==      Total: 0
16:36:51.718 logback [https-jsse-nio-8443-exec-8] DEBUG c.n.mapper.TblTypeMapper.findAll - ==>  Preparing: select id, typename, count, creattime from tbl_type 
16:36:51.719 logback [https-jsse-nio-8443-exec-8] DEBUG c.n.mapper.TblTypeMapper.findAll - ==> Parameters: 
16:36:51.773 logback [https-jsse-nio-8443-exec-8] DEBUG c.n.mapper.TblTypeMapper.findAll - <==      Total: 1
16:36:51.774 logback [https-jsse-nio-8443-exec-8] DEBUG c.n.m.TblDailyMapper.selectHotEight - ==>  Preparing: select id, cover, title, type, settop, summary, click, wordcount, agree, display, createtime, updatetime , content from tbl_daily order by createtime desc limit 8 
16:36:51.774 logback [https-jsse-nio-8443-exec-8] DEBUG c.n.m.TblDailyMapper.selectHotEight - ==> Parameters: 
16:36:51.811 logback [https-jsse-nio-8443-exec-8] DEBUG c.n.m.TblDailyMapper.selectHotEight - <==      Total: 0
16:36:51.812 logback [https-jsse-nio-8443-exec-8] DEBUG c.n.m.TblTypeMapper.selectFirstFive - ==>  Preparing: select id, typename, count, creattime from tbl_type order by creattime limit 5 
16:36:51.812 logback [https-jsse-nio-8443-exec-8] DEBUG c.n.m.TblTypeMapper.selectFirstFive - ==> Parameters: 
16:36:51.872 logback [https-jsse-nio-8443-exec-8] DEBUG c.n.m.TblTypeMapper.selectFirstFive - <==      Total: 1
16:37:01.528 logback [https-jsse-nio-8443-exec-8] DEBUG c.n.mapper.TblTypeMapper.findAll - ==>  Preparing: select id, typename, count, creattime from tbl_type 
16:37:01.528 logback [https-jsse-nio-8443-exec-8] DEBUG c.n.mapper.TblTypeMapper.findAll - ==> Parameters: 
16:37:01.561 logback [https-jsse-nio-8443-exec-8] DEBUG c.n.mapper.TblTypeMapper.findAll - <==      Total: 1
16:41:25.221 logback [restartedMain] INFO  cn.nicecoder.NicecoderApplication - Starting NicecoderApplication on USER-20161109DY with PID 7064 (C:\Users\Administrator\IdeaProjects\demo3\out\production\classes started by Administrator in C:\Users\Administrator\IdeaProjects\demo3)
16:41:25.223 logback [restartedMain] INFO  cn.nicecoder.NicecoderApplication - The following profiles are active: dev
16:41:25.325 logback [restartedMain] INFO  o.s.b.w.s.c.AnnotationConfigServletWebServerApplicationContext - Refreshing org.springframework.boot.web.servlet.context.AnnotationConfigServletWebServerApplicationContext@ad583fa: startup date [Tue Aug 14 16:41:25 CST 2018]; root of context hierarchy
16:41:28.345 logback [restartedMain] INFO  o.s.b.w.e.tomcat.TomcatWebServer - Tomcat initialized with port(s): 8443 (https) 8444 (http)
16:41:28.365 logback [restartedMain] INFO  o.a.coyote.http11.Http11NioProtocol - Initializing ProtocolHandler ["https-jsse-nio-8443"]
16:41:28.379 logback [restartedMain] INFO  o.a.coyote.http11.Http11NioProtocol - Initializing ProtocolHandler ["http-nio-8444"]
16:41:28.392 logback [restartedMain] INFO  o.a.tomcat.util.net.NioSelectorPool - Using a shared selector for servlet write/read
16:41:28.395 logback [restartedMain] INFO  o.a.catalina.core.StandardService - Starting service [Tomcat]
16:41:28.396 logback [restartedMain] INFO  o.a.catalina.core.StandardEngine - Starting Servlet Engine: Apache Tomcat/8.5.31
16:41:28.401 logback [localhost-startStop-1] INFO  o.a.c.core.AprLifecycleListener - The APR based Apache Tomcat Native library which allows optimal performance in production environments was not found on the java.library.path: [D:\Java\jdk1.8.0_131\bin;C:\Windows\Sun\Java\bin;C:\Windows\system32;C:\Windows;D:\Python27\Scripts;D:\Python27;D:\Perl\site\bin;D:\Perl\bin;C:\ProgramData\Oracle\Java\javapath;D:\apache-maven-3.1.1\bin;C:\Program Files\Java\jdk1.7.0_67\\bin;C:\Program Files\Java\jdk1.7.0_67\\jre\bin;C:\Windows\system32;C:\Windows;C:\Windows\System32\Wbem;C:\Windows\System32\WindowsPowerShell\v1.0\;C:\Program Files (x86)\NVIDIA Corporation\PhysX\Common;D:\TortoiseSVN\bin;C:\Program Files (x86)\Microsoft SQL Server\100\Tools\Binn\;C:\Program Files\Microsoft SQL Server\100\Tools\Binn\;C:\Program Files\Microsoft SQL Server\100\DTS\Binn\;C:\Program Files (x86)\NASM;D:\gradle-4.6\bin;;.]
16:41:28.541 logback [localhost-startStop-1] INFO  o.a.c.c.C.[Tomcat].[localhost].[/] - Initializing Spring embedded WebApplicationContext
16:41:28.542 logback [localhost-startStop-1] INFO  o.s.web.context.ContextLoader - Root WebApplicationContext: initialization completed in 3217 ms
16:41:28.825 logback [localhost-startStop-1] INFO  o.s.b.w.s.FilterRegistrationBean - Mapping filter: 'characterEncodingFilter' to: [/*]
16:41:28.825 logback [localhost-startStop-1] INFO  o.s.b.w.s.FilterRegistrationBean - Mapping filter: 'hiddenHttpMethodFilter' to: [/*]
16:41:28.825 logback [localhost-startStop-1] INFO  o.s.b.w.s.FilterRegistrationBean - Mapping filter: 'httpPutFormContentFilter' to: [/*]
16:41:28.826 logback [localhost-startStop-1] INFO  o.s.b.w.s.FilterRegistrationBean - Mapping filter: 'requestContextFilter' to: [/*]
16:41:28.826 logback [localhost-startStop-1] INFO  o.s.b.w.s.DelegatingFilterProxyRegistrationBean - Mapping filter: 'springSecurityFilterChain' to: [/*]
16:41:28.826 logback [localhost-startStop-1] INFO  o.s.b.w.s.ServletRegistrationBean - Servlet dispatcherServlet mapped to [/]
16:41:30.118 logback [restartedMain] INFO  o.s.s.web.DefaultSecurityFilterChain - Creating filter chain: org.springframework.security.web.util.matcher.AnyRequestMatcher@1, [org.springframework.security.web.context.request.async.WebAsyncManagerIntegrationFilter@770f9090, org.springframework.security.web.context.SecurityContextPersistenceFilter@5c0317a4, org.springframework.security.web.header.HeaderWriterFilter@77c71feb, org.springframework.security.web.authentication.logout.LogoutFilter@16e3b2e5, org.springframework.security.web.authentication.UsernamePasswordAuthenticationFilter@19090e9, org.springframework.security.web.savedrequest.RequestCacheAwareFilter@674c8a6, org.springframework.security.web.servletapi.SecurityContextHolderAwareRequestFilter@17a431a8, org.springframework.security.web.authentication.AnonymousAuthenticationFilter@3e02dc9a, org.springframework.security.web.session.SessionManagementFilter@7fb9963e, org.springframework.security.web.access.ExceptionTranslationFilter@4fe8177, org.springframework.security.web.access.intercept.FilterSecurityInterceptor@5ee1c540]
16:41:30.256 logback [restartedMain] INFO  o.s.w.s.h.SimpleUrlHandlerMapping - Mapped URL path [/**/favicon.ico] onto handler of type [class org.springframework.web.servlet.resource.ResourceHttpRequestHandler]
16:41:30.516 logback [restartedMain] INFO  o.s.w.s.m.m.a.RequestMappingHandlerAdapter - Looking for @ControllerAdvice: org.springframework.boot.web.servlet.context.AnnotationConfigServletWebServerApplicationContext@ad583fa: startup date [Tue Aug 14 16:41:25 CST 2018]; root of context hierarchy
16:41:30.594 logback [restartedMain] INFO  o.s.w.s.m.m.a.RequestMappingHandlerMapping - Mapped "{[/wechat]}" onto public java.lang.String cn.nicecoder.controller.ApiController.root()
16:41:30.601 logback [restartedMain] INFO  o.s.w.s.m.m.a.RequestMappingHandlerMapping - Mapped "{[/index.html || /detail/index.html],methods=[GET]}" onto public org.springframework.web.servlet.ModelAndView cn.nicecoder.controller.CoreController.index(java.lang.Integer,java.lang.Integer,java.lang.String,java.lang.String,java.lang.String,java.lang.String)
16:41:30.602 logback [restartedMain] INFO  o.s.w.s.m.m.a.RequestMappingHandlerMapping - Mapped "{[/]}" onto public java.lang.String cn.nicecoder.controller.CoreController.root()
16:41:30.602 logback [restartedMain] INFO  o.s.w.s.m.m.a.RequestMappingHandlerMapping - Mapped "{[/detail/art_{id}.html],methods=[GET]}" onto public org.springframework.web.servlet.ModelAndView cn.nicecoder.controller.CoreController.info(java.lang.Integer)
16:41:30.602 logback [restartedMain] INFO  o.s.w.s.m.m.a.RequestMappingHandlerMapping - Mapped "{[/about.html || /detail/about.html],methods=[GET]}" onto public org.springframework.web.servlet.ModelAndView cn.nicecoder.controller.CoreController.about()
16:41:30.610 logback [restartedMain] INFO  o.s.w.s.m.m.a.RequestMappingHandlerMapping - Mapped "{[/admin/login.html],methods=[GET]}" onto public java.lang.String cn.nicecoder.controller.ManagerController.login()
16:41:30.611 logback [restartedMain] INFO  o.s.w.s.m.m.a.RequestMappingHandlerMapping - Mapped "{[/admin/login-error.html],methods=[GET]}" onto public java.lang.String cn.nicecoder.controller.ManagerController.loginError(org.springframework.ui.Model)
16:41:30.611 logback [restartedMain] INFO  o.s.w.s.m.m.a.RequestMappingHandlerMapping - Mapped "{[/admin/dailyManage.html],methods=[GET]}" onto public org.springframework.web.servlet.ModelAndView cn.nicecoder.controller.ManagerController.dailyManage(java.lang.Integer,java.lang.Integer,java.lang.String,java.lang.String,java.lang.String,java.lang.String)
16:41:30.612 logback [restartedMain] INFO  o.s.w.s.m.m.a.RequestMappingHandlerMapping - Mapped "{[/admin/dailyPage.html],methods=[GET]}" onto public org.springframework.web.servlet.ModelAndView cn.nicecoder.controller.ManagerController.dailyPage()
16:41:30.615 logback [restartedMain] INFO  o.s.w.s.m.m.a.RequestMappingHandlerMapping - Mapped "{[/admin/commentManage.html],methods=[GET]}" onto public java.lang.String cn.nicecoder.controller.ManagerController.commentManage()
16:41:30.615 logback [restartedMain] INFO  o.s.w.s.m.m.a.RequestMappingHandlerMapping - Mapped "{[/admin/saveDaily.html],methods=[POST]}" onto public java.lang.String cn.nicecoder.controller.ManagerController.insertDaily(java.lang.String,java.lang.String,java.lang.String,java.lang.String,java.lang.String,java.lang.String)
16:41:30.616 logback [restartedMain] INFO  o.s.w.s.m.m.a.RequestMappingHandlerMapping - Mapped "{[/admin/index.html],methods=[GET]}" onto public java.lang.String cn.nicecoder.controller.ManagerController.admin()
16:41:30.616 logback [restartedMain] INFO  o.s.w.s.m.m.a.RequestMappingHandlerMapping - Mapped "{[/admin/classifyManage.html],methods=[GET]}" onto public java.lang.String cn.nicecoder.controller.ManagerController.classifyManage()
16:41:30.622 logback [restartedMain] INFO  o.s.w.s.m.m.a.RequestMappingHandlerMapping - Mapped "{[/error]}" onto public org.springframework.http.ResponseEntity<java.util.Map<java.lang.String, java.lang.Object>> org.springframework.boot.autoconfigure.web.servlet.error.BasicErrorController.error(javax.servlet.http.HttpServletRequest)
16:41:30.623 logback [restartedMain] INFO  o.s.w.s.m.m.a.RequestMappingHandlerMapping - Mapped "{[/error],produces=[text/html]}" onto public org.springframework.web.servlet.ModelAndView org.springframework.boot.autoconfigure.web.servlet.error.BasicErrorController.errorHtml(javax.servlet.http.HttpServletRequest,javax.servlet.http.HttpServletResponse)
16:41:30.680 logback [restartedMain] INFO  o.s.w.s.h.SimpleUrlHandlerMapping - Mapped URL path [/webjars/**] onto handler of type [class org.springframework.web.servlet.resource.ResourceHttpRequestHandler]
16:41:30.680 logback [restartedMain] INFO  o.s.w.s.h.SimpleUrlHandlerMapping - Mapped URL path [/**] onto handler of type [class org.springframework.web.servlet.resource.ResourceHttpRequestHandler]
16:41:30.781 logback [restartedMain] WARN  o.t.templatemode.TemplateMode - [THYMELEAF][restartedMain] Template Mode 'HTML5' is deprecated. Using Template Mode 'HTML' instead.
16:41:30.865 logback [restartedMain] INFO  o.s.b.a.w.s.WelcomePageHandlerMapping - Adding welcome page template: index
16:41:31.453 logback [restartedMain] INFO  o.s.b.d.a.OptionalLiveReloadServer - LiveReload server is running on port 35729
16:41:31.531 logback [restartedMain] INFO  o.s.j.e.a.AnnotationMBeanExporter - Registering beans for JMX exposure on startup
16:41:31.534 logback [restartedMain] INFO  o.s.j.e.a.AnnotationMBeanExporter - Bean with name 'dataSource' has been autodetected for JMX exposure
16:41:31.547 logback [restartedMain] INFO  o.s.j.e.a.AnnotationMBeanExporter - Located MBean 'dataSource': registering with JMX server as MBean [com.zaxxer.hikari:name=dataSource,type=HikariDataSource]
16:41:31.568 logback [restartedMain] INFO  o.a.coyote.http11.Http11NioProtocol - Starting ProtocolHandler ["https-jsse-nio-8443"]
16:41:32.553 logback [restartedMain] INFO  o.a.tomcat.util.net.NioSelectorPool - Using a shared selector for servlet write/read
16:41:32.567 logback [restartedMain] INFO  o.a.coyote.http11.Http11NioProtocol - Starting ProtocolHandler ["http-nio-8444"]
16:41:32.580 logback [restartedMain] INFO  o.s.b.w.e.tomcat.TomcatWebServer - Tomcat started on port(s): 8443 (https) 8444 (http) with context path ''
16:41:32.589 logback [restartedMain] INFO  cn.nicecoder.NicecoderApplication - Started NicecoderApplication in 8.405 seconds (JVM running for 10.987)
16:45:38.074 logback [restartedMain] INFO  cn.nicecoder.NicecoderApplication - Starting NicecoderApplication on USER-20161109DY with PID 10164 (C:\Users\Administrator\IdeaProjects\demo3\out\production\classes started by Administrator in C:\Users\Administrator\IdeaProjects\demo3)
16:45:38.075 logback [restartedMain] INFO  cn.nicecoder.NicecoderApplication - The following profiles are active: dev
16:45:38.215 logback [restartedMain] INFO  o.s.b.w.s.c.AnnotationConfigServletWebServerApplicationContext - Refreshing org.springframework.boot.web.servlet.context.AnnotationConfigServletWebServerApplicationContext@7b85c986: startup date [Tue Aug 14 16:45:38 CST 2018]; root of context hierarchy
16:45:41.289 logback [restartedMain] INFO  o.s.b.w.e.tomcat.TomcatWebServer - Tomcat initialized with port(s): 8443 (https) 8444 (http)
16:45:41.328 logback [restartedMain] INFO  o.a.coyote.http11.Http11NioProtocol - Initializing ProtocolHandler ["https-jsse-nio-8443"]
16:45:41.348 logback [restartedMain] INFO  o.a.coyote.http11.Http11NioProtocol - Initializing ProtocolHandler ["http-nio-8444"]
16:45:41.360 logback [restartedMain] INFO  o.a.tomcat.util.net.NioSelectorPool - Using a shared selector for servlet write/read
16:45:41.363 logback [restartedMain] INFO  o.a.catalina.core.StandardService - Starting service [Tomcat]
16:45:41.364 logback [restartedMain] INFO  o.a.catalina.core.StandardEngine - Starting Servlet Engine: Apache Tomcat/8.5.31
16:45:41.370 logback [localhost-startStop-1] INFO  o.a.c.core.AprLifecycleListener - The APR based Apache Tomcat Native library which allows optimal performance in production environments was not found on the java.library.path: [D:\Java\jdk1.8.0_131\bin;C:\Windows\Sun\Java\bin;C:\Windows\system32;C:\Windows;D:\Python27\Scripts;D:\Python27;D:\Perl\site\bin;D:\Perl\bin;C:\ProgramData\Oracle\Java\javapath;D:\apache-maven-3.1.1\bin;C:\Program Files\Java\jdk1.7.0_67\\bin;C:\Program Files\Java\jdk1.7.0_67\\jre\bin;C:\Windows\system32;C:\Windows;C:\Windows\System32\Wbem;C:\Windows\System32\WindowsPowerShell\v1.0\;C:\Program Files (x86)\NVIDIA Corporation\PhysX\Common;D:\TortoiseSVN\bin;C:\Program Files (x86)\Microsoft SQL Server\100\Tools\Binn\;C:\Program Files\Microsoft SQL Server\100\Tools\Binn\;C:\Program Files\Microsoft SQL Server\100\DTS\Binn\;C:\Program Files (x86)\NASM;D:\gradle-4.6\bin;;.]
16:45:41.530 logback [localhost-startStop-1] INFO  o.a.c.c.C.[Tomcat].[localhost].[/] - Initializing Spring embedded WebApplicationContext
16:45:41.530 logback [localhost-startStop-1] INFO  o.s.web.context.ContextLoader - Root WebApplicationContext: initialization completed in 3315 ms
16:45:41.822 logback [localhost-startStop-1] INFO  o.s.b.w.s.FilterRegistrationBean - Mapping filter: 'characterEncodingFilter' to: [/*]
16:45:41.822 logback [localhost-startStop-1] INFO  o.s.b.w.s.FilterRegistrationBean - Mapping filter: 'hiddenHttpMethodFilter' to: [/*]
16:45:41.822 logback [localhost-startStop-1] INFO  o.s.b.w.s.FilterRegistrationBean - Mapping filter: 'httpPutFormContentFilter' to: [/*]
16:45:41.823 logback [localhost-startStop-1] INFO  o.s.b.w.s.FilterRegistrationBean - Mapping filter: 'requestContextFilter' to: [/*]
16:45:41.823 logback [localhost-startStop-1] INFO  o.s.b.w.s.DelegatingFilterProxyRegistrationBean - Mapping filter: 'springSecurityFilterChain' to: [/*]
16:45:41.824 logback [localhost-startStop-1] INFO  o.s.b.w.s.ServletRegistrationBean - Servlet dispatcherServlet mapped to [/]
16:45:43.053 logback [restartedMain] INFO  o.s.s.web.DefaultSecurityFilterChain - Creating filter chain: org.springframework.security.web.util.matcher.AnyRequestMatcher@1, [org.springframework.security.web.context.request.async.WebAsyncManagerIntegrationFilter@8d1e847, org.springframework.security.web.context.SecurityContextPersistenceFilter@7973e7ee, org.springframework.security.web.header.HeaderWriterFilter@5267616b, org.springframework.security.web.authentication.logout.LogoutFilter@503e38af, org.springframework.security.web.authentication.UsernamePasswordAuthenticationFilter@4ca0fa87, org.springframework.security.web.savedrequest.RequestCacheAwareFilter@3976a5a2, org.springframework.security.web.servletapi.SecurityContextHolderAwareRequestFilter@2738dba4, org.springframework.security.web.authentication.AnonymousAuthenticationFilter@258d606f, org.springframework.security.web.session.SessionManagementFilter@568a40c4, org.springframework.security.web.access.ExceptionTranslationFilter@168b782c, org.springframework.security.web.access.intercept.FilterSecurityInterceptor@24409649]
16:45:43.190 logback [restartedMain] INFO  o.s.w.s.h.SimpleUrlHandlerMapping - Mapped URL path [/**/favicon.ico] onto handler of type [class org.springframework.web.servlet.resource.ResourceHttpRequestHandler]
16:45:43.455 logback [restartedMain] INFO  o.s.w.s.m.m.a.RequestMappingHandlerAdapter - Looking for @ControllerAdvice: org.springframework.boot.web.servlet.context.AnnotationConfigServletWebServerApplicationContext@7b85c986: startup date [Tue Aug 14 16:45:38 CST 2018]; root of context hierarchy
16:45:43.532 logback [restartedMain] INFO  o.s.w.s.m.m.a.RequestMappingHandlerMapping - Mapped "{[/wechat]}" onto public java.lang.String cn.nicecoder.controller.ApiController.root()
16:45:43.540 logback [restartedMain] INFO  o.s.w.s.m.m.a.RequestMappingHandlerMapping - Mapped "{[/index.html || /detail/index.html],methods=[GET]}" onto public org.springframework.web.servlet.ModelAndView cn.nicecoder.controller.CoreController.index(java.lang.Integer,java.lang.Integer,java.lang.String,java.lang.String,java.lang.String,java.lang.String)
16:45:43.540 logback [restartedMain] INFO  o.s.w.s.m.m.a.RequestMappingHandlerMapping - Mapped "{[/]}" onto public java.lang.String cn.nicecoder.controller.CoreController.root()
16:45:43.541 logback [restartedMain] INFO  o.s.w.s.m.m.a.RequestMappingHandlerMapping - Mapped "{[/detail/art_{id}.html],methods=[GET]}" onto public org.springframework.web.servlet.ModelAndView cn.nicecoder.controller.CoreController.info(java.lang.Integer)
16:45:43.541 logback [restartedMain] INFO  o.s.w.s.m.m.a.RequestMappingHandlerMapping - Mapped "{[/about.html || /detail/about.html],methods=[GET]}" onto public org.springframework.web.servlet.ModelAndView cn.nicecoder.controller.CoreController.about()
16:45:43.548 logback [restartedMain] INFO  o.s.w.s.m.m.a.RequestMappingHandlerMapping - Mapped "{[/admin/login.html],methods=[GET]}" onto public java.lang.String cn.nicecoder.controller.ManagerController.login()
16:45:43.548 logback [restartedMain] INFO  o.s.w.s.m.m.a.RequestMappingHandlerMapping - Mapped "{[/admin/login-error.html],methods=[GET]}" onto public java.lang.String cn.nicecoder.controller.ManagerController.loginError(org.springframework.ui.Model)
16:45:43.549 logback [restartedMain] INFO  o.s.w.s.m.m.a.RequestMappingHandlerMapping - Mapped "{[/admin/dailyManage.html],methods=[GET]}" onto public org.springframework.web.servlet.ModelAndView cn.nicecoder.controller.ManagerController.dailyManage(java.lang.Integer,java.lang.Integer,java.lang.String,java.lang.String,java.lang.String,java.lang.String)
16:45:43.550 logback [restartedMain] INFO  o.s.w.s.m.m.a.RequestMappingHandlerMapping - Mapped "{[/admin/dailyPage.html],methods=[GET]}" onto public org.springframework.web.servlet.ModelAndView cn.nicecoder.controller.ManagerController.dailyPage()
16:45:43.550 logback [restartedMain] INFO  o.s.w.s.m.m.a.RequestMappingHandlerMapping - Mapped "{[/admin/commentManage.html],methods=[GET]}" onto public java.lang.String cn.nicecoder.controller.ManagerController.commentManage()
16:45:43.550 logback [restartedMain] INFO  o.s.w.s.m.m.a.RequestMappingHandlerMapping - Mapped "{[/admin/saveDaily.html],methods=[POST]}" onto public java.lang.String cn.nicecoder.controller.ManagerController.insertDaily(java.lang.String,java.lang.String,java.lang.String,java.lang.String,java.lang.String,java.lang.String)
16:45:43.551 logback [restartedMain] INFO  o.s.w.s.m.m.a.RequestMappingHandlerMapping - Mapped "{[/admin/index.html],methods=[GET]}" onto public java.lang.String cn.nicecoder.controller.ManagerController.admin()
16:45:43.551 logback [restartedMain] INFO  o.s.w.s.m.m.a.RequestMappingHandlerMapping - Mapped "{[/admin/classifyManage.html],methods=[GET]}" onto public java.lang.String cn.nicecoder.controller.ManagerController.classifyManage()
16:45:43.557 logback [restartedMain] INFO  o.s.w.s.m.m.a.RequestMappingHandlerMapping - Mapped "{[/error]}" onto public org.springframework.http.ResponseEntity<java.util.Map<java.lang.String, java.lang.Object>> org.springframework.boot.autoconfigure.web.servlet.error.BasicErrorController.error(javax.servlet.http.HttpServletRequest)
16:45:43.558 logback [restartedMain] INFO  o.s.w.s.m.m.a.RequestMappingHandlerMapping - Mapped "{[/error],produces=[text/html]}" onto public org.springframework.web.servlet.ModelAndView org.springframework.boot.autoconfigure.web.servlet.error.BasicErrorController.errorHtml(javax.servlet.http.HttpServletRequest,javax.servlet.http.HttpServletResponse)
16:45:43.610 logback [restartedMain] INFO  o.s.w.s.h.SimpleUrlHandlerMapping - Mapped URL path [/webjars/**] onto handler of type [class org.springframework.web.servlet.resource.ResourceHttpRequestHandler]
16:45:43.610 logback [restartedMain] INFO  o.s.w.s.h.SimpleUrlHandlerMapping - Mapped URL path [/**] onto handler of type [class org.springframework.web.servlet.resource.ResourceHttpRequestHandler]
16:45:43.705 logback [restartedMain] WARN  o.t.templatemode.TemplateMode - [THYMELEAF][restartedMain] Template Mode 'HTML5' is deprecated. Using Template Mode 'HTML' instead.
16:45:43.793 logback [restartedMain] INFO  o.s.b.a.w.s.WelcomePageHandlerMapping - Adding welcome page template: index
16:45:44.213 logback [restartedMain] INFO  o.s.b.d.a.OptionalLiveReloadServer - LiveReload server is running on port 35729
16:45:44.257 logback [restartedMain] INFO  o.s.j.e.a.AnnotationMBeanExporter - Registering beans for JMX exposure on startup
16:45:44.259 logback [restartedMain] INFO  o.s.j.e.a.AnnotationMBeanExporter - Bean with name 'dataSource' has been autodetected for JMX exposure
16:45:44.268 logback [restartedMain] INFO  o.s.j.e.a.AnnotationMBeanExporter - Located MBean 'dataSource': registering with JMX server as MBean [com.zaxxer.hikari:name=dataSource,type=HikariDataSource]
16:45:44.284 logback [restartedMain] INFO  o.a.coyote.http11.Http11NioProtocol - Starting ProtocolHandler ["https-jsse-nio-8443"]
16:45:45.083 logback [restartedMain] INFO  o.a.tomcat.util.net.NioSelectorPool - Using a shared selector for servlet write/read
16:45:45.094 logback [restartedMain] INFO  o.a.coyote.http11.Http11NioProtocol - Starting ProtocolHandler ["http-nio-8444"]
16:45:45.105 logback [restartedMain] INFO  o.s.b.w.e.tomcat.TomcatWebServer - Tomcat started on port(s): 8443 (https) 8444 (http) with context path ''
16:45:45.113 logback [restartedMain] INFO  cn.nicecoder.NicecoderApplication - Started NicecoderApplication in 8.496 seconds (JVM running for 11.646)
16:45:59.888 logback [https-jsse-nio-8443-exec-8] INFO  o.a.c.c.C.[Tomcat].[localhost].[/] - Initializing Spring FrameworkServlet 'dispatcherServlet'
16:45:59.888 logback [https-jsse-nio-8443-exec-8] INFO  o.s.web.servlet.DispatcherServlet - FrameworkServlet 'dispatcherServlet': initialization started
16:45:59.914 logback [https-jsse-nio-8443-exec-8] INFO  o.s.web.servlet.DispatcherServlet - FrameworkServlet 'dispatcherServlet': initialization completed in 26 ms
16:45:59.973 logback [https-jsse-nio-8443-exec-8] INFO  com.zaxxer.hikari.HikariDataSource - HikariPool-1 - Starting...
16:46:00.739 logback [https-jsse-nio-8443-exec-8] INFO  com.zaxxer.hikari.HikariDataSource - HikariPool-1 - Start completed.
16:46:00.747 logback [https-jsse-nio-8443-exec-8] DEBUG c.n.mapper.TblTypeMapper.findAll - ==>  Preparing: select id, typename, count, creattime from tbl_type 
16:46:00.765 logback [https-jsse-nio-8443-exec-8] DEBUG c.n.mapper.TblTypeMapper.findAll - ==> Parameters: 
16:46:00.824 logback [https-jsse-nio-8443-exec-8] DEBUG c.n.mapper.TblTypeMapper.findAll - <==      Total: 1
